<?xml version="1.0" encoding="UTF-8"?>
<coverage generated="1717932942763" clover="3.2.0">
  <project timestamp="1717932942763" name="All files">
    <metrics statements="9" coveredstatements="9" conditionals="0" coveredconditionals="0" methods="7" coveredmethods="7" elements="16" coveredelements="16" complexity="0" loc="9" ncloc="9" packages="1" files="2" classes="2"/>
    <file name="stats.ts" path="/workspaces/kata-test-library/src/stats.ts">
      <metrics statements="4" coveredstatements="4" conditionals="0" coveredconditionals="0" methods="3" coveredmethods="3"/>
      <line num="1" count="1" type="stmt"/>
      <line num="2" count="20" type="stmt"/>
      <line num="5" count="1" type="stmt"/>
      <line num="6" count="2" type="stmt"/>
    </file>
    <file name="statsSync.ts" path="/workspaces/kata-test-library/src/statsSync.ts">
      <metrics statements="5" coveredstatements="5" conditionals="0" coveredconditionals="0" methods="4" coveredmethods="4"/>
      <line num="1" count="1" type="stmt"/>
      <line num="3" count="1" type="stmt"/>
      <line num="4" count="1" type="stmt"/>
      <line num="7" count="1" type="stmt"/>
      <line num="8" count="1" type="stmt"/>
    </file>
  </project>
</coverage>
