{"/workspaces/kata-test-library/src/camelCase/core/camelCase.ts": {"path":"/workspaces/kata-test-library/src/camelCase/core/camelCase.ts","statementMap":{"0":{"start":{"line":1,"column":32},"end":{"line":4,"column":1}},"1":{"start":{"line":2,"column":17},"end":{"line":2,"column":35}},"2":{"start":{"line":3,"column":3},"end":{"line":3,"column":99}},"3":{"start":{"line":3,"column":30},"end":{"line":3,"column":88}},"4":{"start":{"line":1,"column":13},"end":{"line":1,"column":32}}},"fnMap":{"0":{"name":"(anonymous_0)","decl":{"start":{"line":1,"column":32},"end":{"line":1,"column":33}},"loc":{"start":{"line":1,"column":56},"end":{"line":4,"column":1}}},"1":{"name":"(anonymous_1)","decl":{"start":{"line":3,"column":20},"end":{"line":3,"column":21}},"loc":{"start":{"line":3,"column":30},"end":{"line":3,"column":88}}}},"branchMap":{},"s":{"0":1,"1":7,"2":7,"3":12,"4":1},"f":{"0":7,"1":12},"b":{}}
}
