{"/workspaces/kata-test-library/src/stats/fizzBuzz.ts": {"path":"/workspaces/kata-test-library/src/stats/fizzBuzz.ts","statementMap":{"0":{"start":{"line":3,"column":24},"end":{"line":22,"column":1}},"1":{"start":{"line":6,"column":4},"end":{"line":6,"column":34}},"2":{"start":{"line":9,"column":2},"end":{"line":11,"column":null}},"3":{"start":{"line":10,"column":4},"end":{"line":10,"column":null}},"4":{"start":{"line":13,"column":2},"end":{"line":15,"column":null}},"5":{"start":{"line":14,"column":4},"end":{"line":14,"column":null}},"6":{"start":{"line":17,"column":2},"end":{"line":19,"column":null}},"7":{"start":{"line":18,"column":4},"end":{"line":18,"column":null}},"8":{"start":{"line":21,"column":2},"end":{"line":21,"column":27}},"9":{"start":{"line":3,"column":13},"end":{"line":3,"column":24}}},"fnMap":{"0":{"name":"(anonymous_0)","decl":{"start":{"line":3,"column":24},"end":{"line":3,"column":25}},"loc":{"start":{"line":3,"column":51},"end":{"line":22,"column":1}}},"1":{"name":"isDivisibleBy","decl":{"start":{"line":5,"column":11},"end":{"line":5,"column":24}},"loc":{"start":{"line":5,"column":40},"end":{"line":7,"column":3}}}},"branchMap":{"0":{"loc":{"start":{"line":9,"column":2},"end":{"line":11,"column":null}},"type":"if","locations":[{"start":{"line":9,"column":2},"end":{"line":11,"column":null}}]},"1":{"loc":{"start":{"line":13,"column":2},"end":{"line":15,"column":null}},"type":"if","locations":[{"start":{"line":13,"column":2},"end":{"line":15,"column":null}}]},"2":{"loc":{"start":{"line":17,"column":2},"end":{"line":19,"column":null}},"type":"if","locations":[{"start":{"line":17,"column":2},"end":{"line":19,"column":null}}]}},"s":{"0":1,"1":24,"2":10,"3":2,"4":8,"5":2,"6":6,"7":2,"8":4,"9":1},"f":{"0":10,"1":24},"b":{"0":[2],"1":[2],"2":[2]}}
,"/workspaces/kata-test-library/src/stats/stats.ts": {"path":"/workspaces/kata-test-library/src/stats/stats.ts","statementMap":{"0":{"start":{"line":1,"column":19},"end":{"line":3,"column":1}},"1":{"start":{"line":2,"column":2},"end":{"line":2,"column":59}},"2":{"start":{"line":2,"column":41},"end":{"line":2,"column":54}},"3":{"start":{"line":1,"column":13},"end":{"line":1,"column":19}},"4":{"start":{"line":5,"column":23},"end":{"line":7,"column":1}},"5":{"start":{"line":6,"column":2},"end":{"line":6,"column":37}},"6":{"start":{"line":5,"column":13},"end":{"line":5,"column":23}}},"fnMap":{"0":{"name":"(anonymous_0)","decl":{"start":{"line":1,"column":19},"end":{"line":1,"column":20}},"loc":{"start":{"line":1,"column":40},"end":{"line":3,"column":1}}},"1":{"name":"(anonymous_1)","decl":{"start":{"line":2,"column":23},"end":{"line":2,"column":24}},"loc":{"start":{"line":2,"column":41},"end":{"line":2,"column":54}}},"2":{"name":"(anonymous_2)","decl":{"start":{"line":5,"column":23},"end":{"line":5,"column":24}},"loc":{"start":{"line":5,"column":44},"end":{"line":7,"column":1}}}},"branchMap":{},"s":{"0":1,"1":4,"2":20,"3":1,"4":1,"5":2,"6":1},"f":{"0":4,"1":20,"2":2},"b":{}}
,"/workspaces/kata-test-library/src/stats/statsSync.ts": {"path":"/workspaces/kata-test-library/src/stats/statsSync.ts","statementMap":{"0":{"start":{"line":1,"column":0},"end":{"line":1,"column":39}},"1":{"start":{"line":3,"column":24},"end":{"line":5,"column":null}},"2":{"start":{"line":3,"column":52},"end":{"line":5,"column":null}},"3":{"start":{"line":4,"column":2},"end":{"line":4,"column":39}},"4":{"start":{"line":3,"column":13},"end":{"line":3,"column":24}},"5":{"start":{"line":7,"column":28},"end":{"line":9,"column":null}},"6":{"start":{"line":7,"column":55},"end":{"line":9,"column":null}},"7":{"start":{"line":8,"column":2},"end":{"line":8,"column":42}},"8":{"start":{"line":7,"column":13},"end":{"line":7,"column":28}}},"fnMap":{"0":{"name":"(anonymous_7)","decl":{"start":{"line":3,"column":24},"end":{"line":3,"column":31}},"loc":{"start":{"line":3,"column":52},"end":{"line":5,"column":null}}},"1":{"name":"(anonymous_8)","decl":{"start":{"line":3,"column":52},"end":{"line":3,"column":null}},"loc":{"start":{"line":3,"column":52},"end":{"line":5,"column":1}}},"2":{"name":"(anonymous_9)","decl":{"start":{"line":7,"column":28},"end":{"line":7,"column":35}},"loc":{"start":{"line":7,"column":55},"end":{"line":9,"column":null}}},"3":{"name":"(anonymous_10)","decl":{"start":{"line":7,"column":55},"end":{"line":7,"column":null}},"loc":{"start":{"line":7,"column":55},"end":{"line":9,"column":1}}}},"branchMap":{},"s":{"0":1,"1":1,"2":1,"3":1,"4":1,"5":1,"6":1,"7":1,"8":1},"f":{"0":1,"1":1,"2":1,"3":1},"b":{}}
}
