TN:
SF:src/camelCase/core/camelCase.ts
FN:1,(anonymous_0)
FN:3,(anonymous_1)
FNF:2
FNH:2
FNDA:4,(anonymous_0)
FNDA:5,(anonymous_1)
DA:1,1
DA:2,4
DA:3,5
LF:3
LH:3
BRDA:2,0,0,0
BRDA:2,0,1,3
BRDA:2,1,0,4
BRDA:2,1,1,3
BRDA:2,2,0,0
BRDA:2,2,1,3
BRDA:2,3,0,4
BRDA:2,3,1,3
BRDA:2,4,0,0
BRDA:2,4,1,3
BRDA:2,5,0,4
BRDA:2,5,1,3
BRDA:2,6,0,0
BRDA:2,6,1,4
BRDA:2,7,0,4
BRDA:2,7,1,4
BRDA:2,8,0,0
BRDA:2,8,1,4
BRDA:2,9,0,4
BRDA:2,9,1,4
BRDA:3,10,0,0
BRDA:3,10,1,4
BRDA:3,11,0,4
BRDA:3,11,1,4
BRDA:3,12,0,0
BRDA:3,12,1,4
BRDA:3,13,0,4
BRDA:3,13,1,4
BRF:28
BRH:21
end_of_record
