TN:
SF:src/stats/fizzBuzz.ts
FN:3,(anonymous_0)
FN:5,isDivisibleBy
FNF:2
FNH:2
FNDA:10,(anonymous_0)
FNDA:24,isDivisibleBy
DA:3,1
DA:6,24
DA:9,10
DA:10,2
DA:13,8
DA:14,2
DA:17,6
DA:18,2
DA:21,4
LF:9
LH:9
BRDA:9,0,0,2
BRDA:13,1,0,2
BRDA:17,2,0,2
BRF:3
BRH:3
end_of_record
TN:
SF:src/stats/stats.ts
FN:1,(anonymous_0)
FN:2,(anonymous_1)
FN:5,(anonymous_2)
FNF:3
FNH:3
FNDA:4,(anonymous_0)
FNDA:20,(anonymous_1)
FNDA:2,(anonymous_2)
DA:1,1
DA:2,20
DA:5,1
DA:6,2
LF:4
LH:4
BRF:0
BRH:0
end_of_record
TN:
SF:src/stats/statsSync.ts
FN:3,(anonymous_7)
FN:3,(anonymous_8)
FN:7,(anonymous_9)
FN:7,(anonymous_10)
FNF:4
FNH:4
FNDA:1,(anonymous_7)
FNDA:1,(anonymous_8)
FNDA:1,(anonymous_9)
FNDA:1,(anonymous_10)
DA:1,1
DA:3,1
DA:4,1
DA:7,1
DA:8,1
LF:5
LH:5
BRF:0
BRH:0
end_of_record
